2022-05-20 20:03:16.019  INFO 10032 --- [restartedMain] org.redisson.Version                     : Redisson 3.17.0
2022-05-20 20:03:16.264  INFO 10032 --- [redisson-netty-2-14] o.r.c.pool.MasterPubSubConnectionPool    : 1 connections initialized for 127.0.0.1/127.0.0.1:6379
2022-05-20 20:03:16.276  INFO 10032 --- [redisson-netty-2-19] o.r.c.pool.MasterConnectionPool          : 24 connections initialized for 127.0.0.1/127.0.0.1:6379
2022-05-20 20:03:17.624  INFO 10032 --- [restartedMain] o.s.b.d.a.OptionalLiveReloadServer       : LiveReload server is running on port 35729
2022-05-20 20:03:17.629  INFO 10032 --- [restartedMain] o.s.b.a.e.web.EndpointLinksResolver      : Exposing 1 endpoint(s) beneath base path '/actuator'
2022-05-20 20:03:17.736  INFO 10032 --- [restartedMain] o.s.b.w.embedded.tomcat.TomcatWebServer  : Tomcat started on port(s): 8081 (http) with context path ''
2022-05-20 20:03:17.738  INFO 10032 --- [restartedMain] o.s.a.r.c.CachingConnectionFactory       : Attempting to connect to: [127.0.0.1:5672]
2022-05-20 20:03:17.759  INFO 10032 --- [restartedMain] o.s.a.r.c.CachingConnectionFactory       : Created new connection: rabbitConnectionFactory#25128ad4:0/SimpleConnection@39828926 [delegate=amqp://admin@127.0.0.1:5672/, localPort= 53537]
2022-05-20 20:03:17.762  INFO 10032 --- [restartedMain] o.s.amqp.rabbit.core.RabbitAdmin         : Auto-declaring a non-durable or auto-delete Exchange (hmdp_exchange) durable:false, auto-delete:false. It will be deleted by the broker if it shuts down, and can be redeclared by closing and reopening the connection.
2022-05-20 20:03:17.762  INFO 10032 --- [restartedMain] o.s.amqp.rabbit.core.RabbitAdmin         : Auto-declaring a non-durable, auto-delete, or exclusive Queue (hmdp_queue) durable:false, auto-delete:false, exclusive:false. It will be redeclared if the broker stops and is restarted while the connection factory is alive, but all messages will be lost.
2022-05-20 20:03:17.813  INFO 10032 --- [restartedMain] FunctionOfQueryingNearbyShopsApplication : Started SpringBootRedisHmdpRealizeTheFunctionOfQueryingNearbyShopsApplication in 3.904 seconds (JVM running for 4.496)
2022-05-20 20:03:17.996  INFO 10032 --- [RMI TCP Connection(2)-172.28.144.1] o.a.c.c.C.[Tomcat].[localhost].[/]       : Initializing Spring DispatcherServlet 'dispatcherServlet'
2022-05-20 20:03:17.997  INFO 10032 --- [RMI TCP Connection(2)-172.28.144.1] o.s.web.servlet.DispatcherServlet        : Initializing Servlet 'dispatcherServlet'
2022-05-20 20:03:17.998  INFO 10032 --- [RMI TCP Connection(2)-172.28.144.1] o.s.web.servlet.DispatcherServlet        : Completed initialization in 1 ms
2022-05-20 20:07:23.243  INFO 10032 --- [org.springframework.amqp.rabbit.RabbitListenerEndpointContainer#0-2] o.s.a.r.l.SimpleMessageListenerContainer : Waiting for workers to finish.
2022-05-20 20:07:23.792  INFO 10032 --- [org.springframework.amqp.rabbit.RabbitListenerEndpointContainer#0-2] o.s.a.r.l.SimpleMessageListenerContainer : Successfully waited for workers to finish.
2022-05-20 20:07:23.814  INFO 10032 --- [SpringApplicationShutdownHook] o.s.a.r.l.SimpleMessageListenerContainer : Shutdown ignored - container is already stopped
2022-05-20 20:07:23.835  INFO 10032 --- [SpringApplicationShutdownHook] com.alibaba.druid.pool.DruidDataSource   : {dataSource-1} closing ...
2022-05-20 20:07:23.838  INFO 10032 --- [SpringApplicationShutdownHook] com.alibaba.druid.pool.DruidDataSource   : {dataSource-1} closed
2022-05-20 20:10:46.999  INFO 20396 --- [restartedMain] FunctionOfQueryingNearbyShopsApplication : Starting SpringBootRedisHmdpRealizeTheFunctionOfQueryingNearbyShopsApplication using Java 16.0.2 on mao with PID 20396 (H:\程序\大三下期\spring_boot_redis_hmdp实现查询附近商铺功能\target\classes started by mao in H:\程序\大三下期\spring_boot_redis_hmdp实现查询附近商铺功能)
2022-05-20 20:10:47.000 DEBUG 20396 --- [restartedMain] FunctionOfQueryingNearbyShopsApplication : Running with Spring Boot v2.7.0, Spring v5.3.20
2022-05-20 20:10:47.000  INFO 20396 --- [restartedMain] FunctionOfQueryingNearbyShopsApplication : The following 1 profile is active: "dev"
2022-05-20 20:10:47.038  INFO 20396 --- [restartedMain] .e.DevToolsPropertyDefaultsPostProcessor : Devtools property defaults active! Set 'spring.devtools.add-properties' to 'false' to disable
2022-05-20 20:10:47.038  INFO 20396 --- [restartedMain] .e.DevToolsPropertyDefaultsPostProcessor : For additional web related logging consider setting the 'logging.level.web' property to 'DEBUG'
2022-05-20 20:10:47.842  INFO 20396 --- [restartedMain] .s.d.r.c.RepositoryConfigurationDelegate : Multiple Spring Data modules found, entering strict repository configuration mode!
2022-05-20 20:10:47.844  INFO 20396 --- [restartedMain] .s.d.r.c.RepositoryConfigurationDelegate : Bootstrapping Spring Data Redis repositories in DEFAULT mode.
2022-05-20 20:10:47.867  INFO 20396 --- [restartedMain] .s.d.r.c.RepositoryConfigurationDelegate : Finished Spring Data repository scanning in 12 ms. Found 0 Redis repository interfaces.
2022-05-20 20:10:48.362  INFO 20396 --- [restartedMain] o.s.b.w.embedded.tomcat.TomcatWebServer  : Tomcat initialized with port(s): 8081 (http)
2022-05-20 20:10:48.371  INFO 20396 --- [restartedMain] o.apache.catalina.core.StandardService   : Starting service [Tomcat]
2022-05-20 20:10:48.371  INFO 20396 --- [restartedMain] org.apache.catalina.core.StandardEngine  : Starting Servlet engine: [Apache Tomcat/9.0.63]
2022-05-20 20:10:48.446  INFO 20396 --- [restartedMain] o.a.c.c.C.[Tomcat].[localhost].[/]       : Initializing Spring embedded WebApplicationContext
2022-05-20 20:10:48.446  INFO 20396 --- [restartedMain] w.s.c.ServletWebServerApplicationContext : Root WebApplicationContext: initialization completed in 1408 ms
2022-05-20 20:10:48.495  INFO 20396 --- [restartedMain] c.a.d.s.b.a.DruidDataSourceAutoConfigure : Init DruidDataSource
2022-05-20 20:10:48.609  INFO 20396 --- [restartedMain] com.alibaba.druid.pool.DruidDataSource   : {dataSource-1} inited
2022-05-20 20:10:48.822  INFO 20396 --- [restartedMain] org.redisson.Version                     : Redisson 3.17.0
2022-05-20 20:10:49.095  INFO 20396 --- [redisson-netty-2-13] o.r.c.pool.MasterPubSubConnectionPool    : 1 connections initialized for 127.0.0.1/127.0.0.1:6379
2022-05-20 20:10:49.107  INFO 20396 --- [redisson-netty-2-19] o.r.c.pool.MasterConnectionPool          : 24 connections initialized for 127.0.0.1/127.0.0.1:6379
2022-05-20 20:10:50.478  INFO 20396 --- [restartedMain] o.s.b.d.a.OptionalLiveReloadServer       : LiveReload server is running on port 35729
2022-05-20 20:10:50.482  INFO 20396 --- [restartedMain] o.s.b.a.e.web.EndpointLinksResolver      : Exposing 1 endpoint(s) beneath base path '/actuator'
2022-05-20 20:10:50.577  INFO 20396 --- [restartedMain] o.s.b.w.embedded.tomcat.TomcatWebServer  : Tomcat started on port(s): 8081 (http) with context path ''
2022-05-20 20:10:50.579  INFO 20396 --- [restartedMain] o.s.a.r.c.CachingConnectionFactory       : Attempting to connect to: [127.0.0.1:5672]
2022-05-20 20:10:50.602  INFO 20396 --- [restartedMain] o.s.a.r.c.CachingConnectionFactory       : Created new connection: rabbitConnectionFactory#1cf0fc75:0/SimpleConnection@1450f018 [delegate=amqp://admin@127.0.0.1:5672/, localPort= 65007]
2022-05-20 20:10:50.607  INFO 20396 --- [restartedMain] o.s.amqp.rabbit.core.RabbitAdmin         : Auto-declaring a non-durable or auto-delete Exchange (hmdp_exchange) durable:false, auto-delete:false. It will be deleted by the broker if it shuts down, and can be redeclared by closing and reopening the connection.
2022-05-20 20:10:50.607  INFO 20396 --- [restartedMain] o.s.amqp.rabbit.core.RabbitAdmin         : Auto-declaring a non-durable, auto-delete, or exclusive Queue (hmdp_queue) durable:false, auto-delete:false, exclusive:false. It will be redeclared if the broker stops and is restarted while the connection factory is alive, but all messages will be lost.
2022-05-20 20:10:50.621  INFO 20396 --- [http-nio-8081-exec-1] o.a.c.c.C.[Tomcat].[localhost].[/]       : Initializing Spring DispatcherServlet 'dispatcherServlet'
2022-05-20 20:10:50.622  INFO 20396 --- [http-nio-8081-exec-1] o.s.web.servlet.DispatcherServlet        : Initializing Servlet 'dispatcherServlet'
2022-05-20 20:10:50.623  INFO 20396 --- [http-nio-8081-exec-1] o.s.web.servlet.DispatcherServlet        : Completed initialization in 1 ms
2022-05-20 20:10:50.659  INFO 20396 --- [restartedMain] FunctionOfQueryingNearbyShopsApplication : Started SpringBootRedisHmdpRealizeTheFunctionOfQueryingNearbyShopsApplication in 4.001 seconds (JVM running for 4.594)
2022-05-20 20:11:13.677  WARN 20396 --- [http-nio-8081-exec-6] .w.s.m.s.DefaultHandlerExceptionResolver : Resolved [org.springframework.web.bind.MissingServletRequestParameterException: Required request parameter 'typeId' for method parameter type Integer is not present]
2022-05-20 20:11:51.653  WARN 20396 --- [http-nio-8081-exec-9] .w.s.m.s.DefaultHandlerExceptionResolver : Resolved [org.springframework.web.bind.MissingServletRequestParameterException: Required request parameter 'typeId' for method parameter type Integer is not present]
2022-05-20 20:12:20.617  WARN 20396 --- [http-nio-8081-exec-10] c.a.druid.pool.DruidAbstractDataSource   : discard long time none received connection. , jdbcUrl : jdbc:mysql://localhost:3306/test, version : 1.2.8, lastPacketReceivedIdleMillis : 89595
2022-05-20 20:12:20.642 DEBUG 20396 --- [http-nio-8081-exec-10] m.s.m.ShopMapper.selectPage_mpCount      : ==>  Preparing: SELECT COUNT(*) AS total FROM tb_shop WHERE (type_id = ?)
2022-05-20 20:12:20.658 DEBUG 20396 --- [http-nio-8081-exec-10] m.s.m.ShopMapper.selectPage_mpCount      : ==> Parameters: 1(Integer)
2022-05-20 20:12:20.673 DEBUG 20396 --- [http-nio-8081-exec-10] m.s.m.ShopMapper.selectPage_mpCount      : <==      Total: 1
2022-05-20 20:12:20.676 DEBUG 20396 --- [http-nio-8081-exec-10] m.s.mapper.ShopMapper.selectPage         : ==>  Preparing: SELECT id,name,type_id,images,area,address,x,y,avg_price,sold,comments,score,open_hours,create_time,update_time FROM tb_shop WHERE (type_id = ?) LIMIT ?
2022-05-20 20:12:20.677 DEBUG 20396 --- [http-nio-8081-exec-10] m.s.mapper.ShopMapper.selectPage         : ==> Parameters: 1(Integer), 5(Long)
2022-05-20 20:12:20.683 DEBUG 20396 --- [http-nio-8081-exec-10] m.s.mapper.ShopMapper.selectPage         : <==      Total: 5
2022-05-20 20:12:33.539 DEBUG 20396 --- [http-nio-8081-exec-2] m.s.m.ShopMapper.selectPage_mpCount      : ==>  Preparing: SELECT COUNT(*) AS total FROM tb_shop WHERE (type_id = ?)
2022-05-20 20:12:33.540 DEBUG 20396 --- [http-nio-8081-exec-2] m.s.m.ShopMapper.selectPage_mpCount      : ==> Parameters: 1(Integer)
2022-05-20 20:12:33.541 DEBUG 20396 --- [http-nio-8081-exec-2] m.s.m.ShopMapper.selectPage_mpCount      : <==      Total: 1
2022-05-20 20:12:33.542 DEBUG 20396 --- [http-nio-8081-exec-2] m.s.mapper.ShopMapper.selectPage         : ==>  Preparing: SELECT id,name,type_id,images,area,address,x,y,avg_price,sold,comments,score,open_hours,create_time,update_time FROM tb_shop WHERE (type_id = ?) LIMIT ?
2022-05-20 20:12:33.542 DEBUG 20396 --- [http-nio-8081-exec-2] m.s.mapper.ShopMapper.selectPage         : ==> Parameters: 1(Integer), 5(Long)
2022-05-20 20:12:33.546 DEBUG 20396 --- [http-nio-8081-exec-2] m.s.mapper.ShopMapper.selectPage         : <==      Total: 5
2022-05-20 20:13:18.681 DEBUG 20396 --- [http-nio-8081-exec-3] m.s.m.ShopMapper.selectPage_mpCount      : ==>  Preparing: SELECT COUNT(*) AS total FROM tb_shop WHERE (type_id = ?)
2022-05-20 20:13:18.681 DEBUG 20396 --- [http-nio-8081-exec-3] m.s.m.ShopMapper.selectPage_mpCount      : ==> Parameters: 1(Integer)
2022-05-20 20:13:18.683 DEBUG 20396 --- [http-nio-8081-exec-3] m.s.m.ShopMapper.selectPage_mpCount      : <==      Total: 1
2022-05-20 20:13:18.683 DEBUG 20396 --- [http-nio-8081-exec-3] m.s.mapper.ShopMapper.selectPage         : ==>  Preparing: SELECT id,name,type_id,images,area,address,x,y,avg_price,sold,comments,score,open_hours,create_time,update_time FROM tb_shop WHERE (type_id = ?) LIMIT ?
2022-05-20 20:13:18.684 DEBUG 20396 --- [http-nio-8081-exec-3] m.s.mapper.ShopMapper.selectPage         : ==> Parameters: 1(Integer), 5(Long)
2022-05-20 20:13:18.687 DEBUG 20396 --- [http-nio-8081-exec-3] m.s.mapper.ShopMapper.selectPage         : <==      Total: 5
2022-05-20 20:13:32.635 DEBUG 20396 --- [http-nio-8081-exec-6] m.s.m.ShopMapper.selectPage_mpCount      : ==>  Preparing: SELECT COUNT(*) AS total FROM tb_shop WHERE (type_id = ?)
2022-05-20 20:13:32.635 DEBUG 20396 --- [http-nio-8081-exec-6] m.s.m.ShopMapper.selectPage_mpCount      : ==> Parameters: 1(Integer)
2022-05-20 20:13:32.637 DEBUG 20396 --- [http-nio-8081-exec-6] m.s.m.ShopMapper.selectPage_mpCount      : <==      Total: 1
2022-05-20 20:13:32.637 DEBUG 20396 --- [http-nio-8081-exec-6] m.s.mapper.ShopMapper.selectPage         : ==>  Preparing: SELECT id,name,type_id,images,area,address,x,y,avg_price,sold,comments,score,open_hours,create_time,update_time FROM tb_shop WHERE (type_id = ?) LIMIT ?
2022-05-20 20:13:32.638 DEBUG 20396 --- [http-nio-8081-exec-6] m.s.mapper.ShopMapper.selectPage         : ==> Parameters: 1(Integer), 5(Long)
2022-05-20 20:13:32.643 DEBUG 20396 --- [http-nio-8081-exec-6] m.s.mapper.ShopMapper.selectPage         : <==      Total: 5
2022-05-20 20:15:04.462  WARN 20396 --- [http-nio-8081-exec-9] c.a.druid.pool.DruidAbstractDataSource   : discard long time none received connection. , jdbcUrl : jdbc:mysql://localhost:3306/test, version : 1.2.8, lastPacketReceivedIdleMillis : 91822
2022-05-20 20:15:04.486 DEBUG 20396 --- [http-nio-8081-exec-9] m.s.mapper.ShopMapper.selectList         : ==>  Preparing: SELECT id,name,type_id,images,area,address,x,y,avg_price,sold,comments,score,open_hours,create_time,update_time FROM tb_shop WHERE (id IN (?,?,?,?,?)) order by field(2,9,8,3,6)
2022-05-20 20:15:04.487 DEBUG 20396 --- [http-nio-8081-exec-9] m.s.mapper.ShopMapper.selectList         : ==> Parameters: 2(Long), 9(Long), 8(Long), 3(Long), 6(Long)
2022-05-20 20:15:04.491 DEBUG 20396 --- [http-nio-8081-exec-9] m.s.mapper.ShopMapper.selectList         : <==      Total: 5
2022-05-20 20:16:00.216 DEBUG 20396 --- [http-nio-8081-exec-10] m.s.mapper.ShopMapper.selectList         : ==>  Preparing: SELECT id,name,type_id,images,area,address,x,y,avg_price,sold,comments,score,open_hours,create_time,update_time FROM tb_shop WHERE (id IN (?,?,?,?,?)) order by field(1,6,4,5,3)
2022-05-20 20:16:00.216 DEBUG 20396 --- [http-nio-8081-exec-10] m.s.mapper.ShopMapper.selectList         : ==> Parameters: 1(Long), 6(Long), 4(Long), 5(Long), 3(Long)
2022-05-20 20:16:00.218 DEBUG 20396 --- [http-nio-8081-exec-10] m.s.mapper.ShopMapper.selectList         : <==      Total: 5
2022-05-20 20:16:36.041 DEBUG 20396 --- [http-nio-8081-exec-1] m.s.mapper.ShopMapper.selectList         : ==>  Preparing: SELECT id,name,type_id,images,area,address,x,y,avg_price,sold,comments,score,open_hours,create_time,update_time FROM tb_shop WHERE (id IN (?,?,?,?,?)) order by field(1,6,4,5,3)
2022-05-20 20:16:36.042 DEBUG 20396 --- [http-nio-8081-exec-1] m.s.mapper.ShopMapper.selectList         : ==> Parameters: 1(Long), 6(Long), 4(Long), 5(Long), 3(Long)
2022-05-20 20:16:36.044 DEBUG 20396 --- [http-nio-8081-exec-1] m.s.mapper.ShopMapper.selectList         : <==      Total: 5
2022-05-20 20:17:04.108 DEBUG 20396 --- [http-nio-8081-exec-2] m.s.mapper.ShopMapper.selectList         : ==>  Preparing: SELECT id,name,type_id,images,area,address,x,y,avg_price,sold,comments,score,open_hours,create_time,update_time FROM tb_shop WHERE (id IN (?,?,?,?,?)) order by field(1,6,4,3,5)
2022-05-20 20:17:04.109 DEBUG 20396 --- [http-nio-8081-exec-2] m.s.mapper.ShopMapper.selectList         : ==> Parameters: 1(Long), 6(Long), 4(Long), 3(Long), 5(Long)
2022-05-20 20:17:04.111 DEBUG 20396 --- [http-nio-8081-exec-2] m.s.mapper.ShopMapper.selectList         : <==      Total: 5
2022-05-20 20:17:32.017 DEBUG 20396 --- [http-nio-8081-exec-3] m.s.mapper.ShopMapper.selectList         : ==>  Preparing: SELECT id,name,type_id,images,area,address,x,y,avg_price,sold,comments,score,open_hours,create_time,update_time FROM tb_shop WHERE (id IN (?,?,?,?,?)) order by field(1,6,4,5,3)
2022-05-20 20:17:32.017 DEBUG 20396 --- [http-nio-8081-exec-3] m.s.mapper.ShopMapper.selectList         : ==> Parameters: 1(Long), 6(Long), 4(Long), 5(Long), 3(Long)
